#
# A fatal error has been detected by the Java Runtime Environment:
#
#  SIGSEGV (0xb) at pc=0x0000000109f5fa20, pid=572, tid=577027
#
# JRE version: Java(TM) SE Runtime Environment (7.0_45-b18) (build 1.7.0_45-b18)
# Java VM: Java HotSpot(TM) 64-Bit Server VM (24.45-b08 mixed mode bsd-amd64 compressed oops)
# Problematic frame:
# C  [libjava.dylib+0x9a20]  JNU_NewStringPlatform+0x1c8
#
# Failed to write core dump. Core dumps have been disabled. To enable core dumping, try "ulimit -c unlimited" before starting Java again
#
# If you would like to submit a bug report, please visit:
#   http://bugreport.sun.com/bugreport/crash.jsp
# The crash happened outside the Java Virtual Machine in native code.
# See problematic frame for where to report the bug.
#

---------------  T H R E A D  ---------------

Current thread (0x00007fa53bc4e800):  JavaThread "pool-1-thread-936" [_thread_in_native, id=577027, stack(0x0000000156eb4000,0x0000000156fb4000)]

siginfo:si_signo=SIGSEGV: si_errno=0, si_code=1 (SEGV_MAPERR), si_addr=0x00007fad3bc4e9e8

Registers:
RAX=0x0000000109f5fa20, RBX=0x0000000156fa2da0, RCX=0x0000000109f5fb34, RDX=0x0000000000000000
RSP=0x0000000156fa2960, RBP=0x0000000156fa2d90, RSI=0x0000000156fa2da0, RDI=0x00007fad3bc4e9e8
R8 =0x0000000156fa2da0, R9 =0x00007fff8abdb900, R10=0x00007fff8aba0348, R11=0xffffffa5aec7d8f6
R12=0x00007fff77d19400, R13=0x0000000156fa2ed1, R14=0x00007fad3bc4e9e8, R15=0x00007fad3bc4e9e8
RIP=0x0000000109f5fa20, EFLAGS=0x0000000000010213, ERR=0x0000000000000004
  TRAPNO=0x000000000000000e

Top of Stack: (sp=0x0000000156fa2960)
0x0000000156fa2960:   0000000000000000 0000000000000000
0x0000000156fa2970:   0000000000000000 0000000000000000
0x0000000156fa2980:   0000000000000000 00000000bb382be8
0x0000000156fa2990:   0000000000000000 0000000000000000
0x0000000156fa29a0:   0000000000000000 00000000bb3821f0
0x0000000156fa29b0:   0000000000000000 00000000bb383178
0x0000000156fa29c0:   0000000000000000 0000000000000000
0x0000000156fa29d0:   0000000000000000 0000000000000000
0x0000000156fa29e0:   0000000000000000 0000000000000000
0x0000000156fa29f0:   0000000000000000 0000000000000000
0x0000000156fa2a00:   0000000000000000 0000000000000000
0x0000000156fa2a10:   0000000000000000 00000000bb3836d0
0x0000000156fa2a20:   0000000000000000 0000000000000000
0x0000000156fa2a30:   00000000bb372ae8 00000000bb383440
0x0000000156fa2a40:   0000000000000000 0000000000000000
0x0000000156fa2a50:   0000000000000000 3232000000000000
0x0000000156fa2a60:   0000000000000000 0000000000000000
0x0000000156fa2a70:   3300510167f05ae4 00007fff77d11920
0x0000000156fa2a80:   0000000000000000 ffffffffffffffff
0x0000000156fa2a90:   000000011196b32c 0000000156fa2c80
0x0000000156fa2aa0:   0000000156fa2b90 00007fff8abc437b
0x0000000156fa2ab0:   0000000000000000 0000000156fa2e90
0x0000000156fa2ac0:   0000000000000000 0000000000000000
0x0000000156fa2ad0:   0000000000000000 0000000000000000
0x0000000156fa2ae0:   0000000000000000 0000000000000000
0x0000000156fa2af0:   0000000000000000 00000000bb382be8
0x0000000156fa2b00:   0000000000000000 0000000000000000
0x0000000156fa2b10:   00000000bb3836d0 00000000bb3821f0
0x0000000156fa2b20:   0000000000000000 0000000000000000
0x0000000156fa2b30:   0000000000000000 0000000000000000
0x0000000156fa2b40:   0000000000000000 0000000000000000
0x0000000156fa2b50:   0000000000000000 0000000000000000 

Instructions: (pc=0x0000000109f5fa20)
0x0000000109f5fa00:   9f 7f 08 0f b7 b4 b1 00 fe ff ff 66 89 32 48 83
0x0000000109f5fa10:   c2 02 48 ff c3 48 ff c8 0f 84 ef fe ff ff eb da
0x0000000109f5fa20:   49 8b 06 be 02 00 00 00 4c 89 f7 ff 90 d0 00 00
0x0000000109f5fa30:   00 85 c0 0f 88 f1 00 00 00 48 89 df e8 01 02 01 

Register to memory mapping:

RAX=0x0000000109f5fa20: JNU_NewStringPlatform+0x1c8 in /Library/Java/JavaVirtualMachines/jdk1.7.0_45.jdk/Contents/Home/jre/lib/libjava.dylib at 0x0000000109f56000
RBX=0x0000000156fa2da0 is pointing into the stack for thread: 0x00007fa53bc4e800
RCX=0x0000000109f5fb34: JNU_NewStringPlatform+0x2dc in /Library/Java/JavaVirtualMachines/jdk1.7.0_45.jdk/Contents/Home/jre/lib/libjava.dylib at 0x0000000109f56000
RDX=0x0000000000000000 is an unknown value
RSP=0x0000000156fa2960 is pointing into the stack for thread: 0x00007fa53bc4e800
RBP=0x0000000156fa2d90 is pointing into the stack for thread: 0x00007fa53bc4e800
RSI=0x0000000156fa2da0 is pointing into the stack for thread: 0x00007fa53bc4e800
RDI=0x00007fad3bc4e9e8 is an unknown value
R8 =0x0000000156fa2da0 is pointing into the stack for thread: 0x00007fa53bc4e800
R9 =